Build started 15.07.2015 14:16:42.
     1>Project "D:\Work\projects\cv_app\imgproc\imgproc.vcxproj" on node 2 (Build target(s)).
     1>ClCompile:
         C:\Program Files (x86)\Microsoft Visual Studio 11.0\VC\bin\x86_amd64\CL.exe /c /Zi /nologo /W3 /WX- /sdl /Od /D _MBCS /Gm /EHsc /RTC1 /MDd /GS /fp:precise /Zc:wchar_t /Zc:forScope /Fo"x64\Debug\\" /Fd"x64\Debug\vc110.pdb" /Gd /TP /errorReport:prompt edge_detector.cpp
         edge_detector.cpp
     1>edge_detector.cpp(27): warning C4018: '<' : signed/unsigned mismatch
     1>edge_detector.cpp(29): warning C4018: '<' : signed/unsigned mismatch
     1>edge_detector.cpp(39): warning C4018: '>=' : signed/unsigned mismatch
     1>edge_detector.cpp(56): warning C4018: '<' : signed/unsigned mismatch
     1>edge_detector.cpp(58): warning C4018: '<' : signed/unsigned mismatch
     1>edge_detector.cpp(67): warning C4018: '>=' : signed/unsigned mismatch
     1>edge_detector.cpp(96): warning C4018: '<' : signed/unsigned mismatch
     1>edge_detector.cpp(98): warning C4018: '<' : signed/unsigned mismatch
     1>edge_detector.cpp(153): warning C4244: '=' : conversion from 'double' to 'BYTE', possible loss of data
     1>edge_detector.cpp(154): warning C4244: '=' : conversion from 'double' to 'BYTE', possible loss of data
     1>edge_detector.cpp(155): warning C4244: '=' : conversion from 'double' to 'BYTE', possible loss of data
     1>edge_detector.cpp(197): warning C4018: '<' : signed/unsigned mismatch
     1>edge_detector.cpp(199): warning C4018: '<' : signed/unsigned mismatch
     1>edge_detector.cpp(215): warning C4018: '<' : signed/unsigned mismatch
     1>edge_detector.cpp(248): warning C4018: '<' : signed/unsigned mismatch
     1>edge_detector.cpp(283): warning C4018: '<' : signed/unsigned mismatch
     1>edge_detector.cpp(21): warning C4101: 'l' : unreferenced local variable
     1>edge_detector.cpp(163): warning C4101: 'direction' : unreferenced local variable
       Link:
         C:\Program Files (x86)\Microsoft Visual Studio 11.0\VC\bin\x86_amd64\link.exe /ERRORREPORT:PROMPT /OUT:"D:\Work\projects\cv_app\x64\Debug\imgproc.exe" /INCREMENTAL /NOLOGO /LIBPATH:D:\Work\projects\cv_app\imgproc\freeimage FreeImage.lib kernel32.lib user32.lib gdi32.lib winspool.lib comdlg32.lib advapi32.lib shell32.lib ole32.lib oleaut32.lib uuid.lib odbc32.lib odbccp32.lib /MANIFEST /MANIFESTUAC:"level='asInvoker' uiAccess='false'" /manifest:embed /DEBUG /PDB:"D:\Work\projects\cv_app\x64\Debug\imgproc.pdb" /SUBSYSTEM:CONSOLE /TLBID:1 /DYNAMICBASE /NXCOMPAT /IMPLIB:"D:\Work\projects\cv_app\x64\Debug\imgproc.lib" /MACHINE:X64 x64\Debug\edge_detector.obj
         x64\Debug\Image.obj
         x64\Debug\smooth_image.obj
         x64\Debug\Source.obj
         imgproc.vcxproj -> D:\Work\projects\cv_app\x64\Debug\imgproc.exe
     1>Done Building Project "D:\Work\projects\cv_app\imgproc\imgproc.vcxproj" (Build target(s)).

Build succeeded.

Time Elapsed 00:00:00.60
