D:\WORK\PROJECTS\IMGPROC\IMGPROC\X64\DEBUG\SOURCE.OBJ
D:\WORK\PROJECTS\IMGPROC\IMGPROC\X64\DEBUG\VC110.PDB
D:\WORK\PROJECTS\IMGPROC\X64\DEBUG\IMGPROC.ILK
D:\WORK\PROJECTS\IMGPROC\X64\DEBUG\IMGPROC.EXE
D:\WORK\PROJECTS\IMGPROC\X64\DEBUG\IMGPROC.PDB
D:\Work\projects\imgproc\imgproc\x64\Debug\cl.command.1.tlog
D:\Work\projects\imgproc\imgproc\x64\Debug\CL.read.1.tlog
D:\Work\projects\imgproc\imgproc\x64\Debug\CL.write.1.tlog
D:\Work\projects\imgproc\imgproc\x64\Debug\link-cvtres.read.1.tlog
D:\Work\projects\imgproc\imgproc\x64\Debug\link-cvtres.write.1.tlog
D:\Work\projects\imgproc\imgproc\x64\Debug\link-rc.read.1.tlog
D:\Work\projects\imgproc\imgproc\x64\Debug\link-rc.write.1.tlog
D:\Work\projects\imgproc\imgproc\x64\Debug\link.2804-cvtres.read.1.tlog
D:\Work\projects\imgproc\imgproc\x64\Debug\link.2804-cvtres.write.1.tlog
D:\Work\projects\imgproc\imgproc\x64\Debug\link.2804-rc.read.1.tlog
D:\Work\projects\imgproc\imgproc\x64\Debug\link.2804-rc.write.1.tlog
D:\Work\projects\imgproc\imgproc\x64\Debug\link.2804.read.1.tlog
D:\Work\projects\imgproc\imgproc\x64\Debug\link.2804.write.1.tlog
D:\Work\projects\imgproc\imgproc\x64\Debug\link.8060-cvtres.read.1.tlog
D:\Work\projects\imgproc\imgproc\x64\Debug\link.8060-cvtres.write.1.tlog
D:\Work\projects\imgproc\imgproc\x64\Debug\link.8060-rc.read.1.tlog
D:\Work\projects\imgproc\imgproc\x64\Debug\link.8060-rc.write.1.tlog
D:\Work\projects\imgproc\imgproc\x64\Debug\link.8060.read.1.tlog
D:\Work\projects\imgproc\imgproc\x64\Debug\link.8060.write.1.tlog
D:\Work\projects\imgproc\imgproc\x64\Debug\link.command.1.tlog
D:\Work\projects\imgproc\imgproc\x64\Debug\link.read.1.tlog
D:\Work\projects\imgproc\imgproc\x64\Debug\link.write.1.tlog
D:\Work\projects\imgproc\imgproc\x64\Debug\vc110.idb
D:\Work\projects\imgproc\imgproc\x64\Debug\vc110.pdb
D:\Work\projects\imgproc\x64\Debug\imgproc.pdb
D:\Work\projects\imgproc\x64\Debug\imgproc.exe
D:\Work\projects\imgproc\x64\Debug\imgproc.ilk
